<?xml version="1.0" encoding="UTF-8"?>
<!-- Generated by org.testng.reporters.JUnitXMLReporter -->
<testsuite ignored="1" hostname="LAPTOP-RF7CNPCF" failures="1" tests="1" name="FirstTest(failed)(failed)" time="0.036" errors="0" timestamp="2022-06-01T20:53:38 IST">
  <testcase classname="package_Xml.Demo_1" name="method1" time="0.007">
    <failure type="java.lang.AssertionError">
      <![CDATA[java.lang.AssertionError
at org.junit.Assert.fail(Assert.java:86)
at org.junit.Assert.fail(Assert.java:95)
at package_Xml.Demo_1.method1(Demo_1.java:11)
at java.base/java.util.ArrayList.forEach(ArrayList.java:1511)
... Removed 27 stack frames]]>
    </failure>
  </testcase> <!-- method1 -->
  <testcase classname="package_Xml.Demo_1" name="method2" time="0.0">
    <ignored/>
  </testcase> <!-- method2 -->
</testsuite> <!-- FirstTest(failed)(failed) -->
