<?xml version="1.0" encoding="UTF-8"?>
<!-- Generated by org.testng.reporters.JUnitXMLReporter -->
<testsuite ignored="0" hostname="LAPTOP-RF7CNPCF" failures="1" tests="5" name="FirstTest" time="0.047" errors="0" timestamp="2022-06-01T20:40:27 IST">
  <testcase classname="package_Xml.Demo2" name="method3" time="0.006"/>
  <testcase classname="package_Xml.Demo2" name="method4" time="0.002"/>
  <testcase classname="package_Xml.Demo2" name="method5" time="0.002"/>
  <testcase classname="package_Xml.Demo_1" name="method1" time="0.003">
    <failure type="java.lang.AssertionError">
      <![CDATA[java.lang.AssertionError
at org.junit.Assert.fail(Assert.java:86)
at org.junit.Assert.fail(Assert.java:95)
at package_Xml.Demo_1.method1(Demo_1.java:11)
at java.base/java.util.ArrayList.forEach(ArrayList.java:1511)
... Removed 27 stack frames]]>
    </failure>
  </testcase> <!-- method1 -->
  <testcase classname="package_Xml.Demo_1" name="method2" time="0.001"/>
</testsuite> <!-- FirstTest -->
